<?xml version="1.0" encoding="UTF-8"?>
<!-- Generated by org.testng.reporters.JUnitXMLReporter -->
<testsuite ignored="0" hostname="Admin" failures="1" tests="1" name="Login Test - Edge" time="0.106" errors="0" timestamp="2025-11-19T18:48:48 IST">
  <testcase classname="testcases.TC001_LoginTest" name="verify_login" time="0.0">
    <failure type="java.lang.RuntimeException" message="java.lang.NullPointerException: Cannot invoke &amp;quot;org.apache.poi.ss.usermodel.Sheet.getPhysicalNumberOfRows()&amp;quot; because &amp;quot;sheet&amp;quot; is null">
      <![CDATA[java.lang.RuntimeException: java.lang.NullPointerException: Cannot invoke "org.apache.poi.ss.usermodel.Sheet.getPhysicalNumberOfRows()" because "sheet" is null
at java.base/java.util.ArrayList.forEach(ArrayList.java:1596)
Caused by: java.lang.NullPointerException: Cannot invoke "org.apache.poi.ss.usermodel.Sheet.getPhysicalNumberOfRows()" because "sheet" is null
at utils.ExcelUtils.getSheetData(ExcelUtils.java:19)
at utils.DataProviders.getLoginData(DataProviders.java:13)
... 25 more
... Removed 30 stack frames]]>
    </failure>
  </testcase> <!-- verify_login -->
</testsuite> <!-- Login Test - Edge -->
